  Source.cpp
c:\users\user\desktop\pro-119\лаба 3\strcpy\strcpy\source.cpp(13): warning C4018: <: несоответствие типов со знаком и без знака
c:\users\user\desktop\pro-119\лаба 3\strcpy\strcpy\source.cpp(23): warning C4018: <: несоответствие типов со знаком и без знака
c:\users\user\desktop\pro-119\лаба 3\strcpy\strcpy\source.cpp(55): warning C4129: *: неизвестная escape-последовательность
c:\users\user\desktop\pro-119\лаба 3\strcpy\strcpy\source.cpp(55): warning C4129: ): неизвестная escape-последовательность
c:\users\user\desktop\pro-119\лаба 3\strcpy\strcpy\source.cpp(55): warning C4477: "printf": в строке форматирования "%i" требуется аргумент типа "int", но вариативный аргумент "3" имеет тип "char *"
c:\users\user\desktop\pro-119\лаба 3\strcpy\strcpy\source.cpp(56): warning C4129: *: неизвестная escape-последовательность
c:\users\user\desktop\pro-119\лаба 3\strcpy\strcpy\source.cpp(56): warning C4129: ): неизвестная escape-последовательность
c:\users\user\desktop\pro-119\лаба 3\strcpy\strcpy\source.cpp(56): warning C4477: "printf": в строке форматирования "%i" требуется аргумент типа "int", но вариативный аргумент "3" имеет тип "char *"
c:\users\user\desktop\pro-119\лаба 3\strcpy\strcpy\source.cpp(57): warning C4129: *: неизвестная escape-последовательность
c:\users\user\desktop\pro-119\лаба 3\strcpy\strcpy\source.cpp(57): warning C4129: ): неизвестная escape-последовательность
c:\users\user\desktop\pro-119\лаба 3\strcpy\strcpy\source.cpp(57): warning C4477: "printf": в строке форматирования "%i" требуется аргумент типа "int", но вариативный аргумент "3" имеет тип "char *"
c:\users\user\desktop\pro-119\лаба 3\strcpy\strcpy\source.cpp(58): warning C4129: *: неизвестная escape-последовательность
c:\users\user\desktop\pro-119\лаба 3\strcpy\strcpy\source.cpp(58): warning C4129: ): неизвестная escape-последовательность
c:\users\user\desktop\pro-119\лаба 3\strcpy\strcpy\source.cpp(58): warning C4477: "printf": в строке форматирования "%i" требуется аргумент типа "int", но вариативный аргумент "3" имеет тип "char *"
c:\users\user\desktop\pro-119\лаба 3\strcpy\strcpy\source.cpp(59): warning C4129: *: неизвестная escape-последовательность
c:\users\user\desktop\pro-119\лаба 3\strcpy\strcpy\source.cpp(59): warning C4129: ): неизвестная escape-последовательность
c:\users\user\desktop\pro-119\лаба 3\strcpy\strcpy\source.cpp(59): warning C4477: "printf": в строке форматирования "%i" требуется аргумент типа "int", но вариативный аргумент "3" имеет тип "char *"
c:\users\user\desktop\pro-119\лаба 3\strcpy\strcpy\source.cpp(60): warning C4129: *: неизвестная escape-последовательность
c:\users\user\desktop\pro-119\лаба 3\strcpy\strcpy\source.cpp(60): warning C4129: ): неизвестная escape-последовательность
c:\users\user\desktop\pro-119\лаба 3\strcpy\strcpy\source.cpp(60): warning C4477: "printf": в строке форматирования "%i" требуется аргумент типа "int", но вариативный аргумент "3" имеет тип "char *"
c:\users\user\desktop\pro-119\лаба 3\strcpy\strcpy\source.cpp(61): warning C4129: *: неизвестная escape-последовательность
c:\users\user\desktop\pro-119\лаба 3\strcpy\strcpy\source.cpp(61): warning C4129: ): неизвестная escape-последовательность
c:\users\user\desktop\pro-119\лаба 3\strcpy\strcpy\source.cpp(61): warning C4477: "printf": в строке форматирования "%i" требуется аргумент типа "int", но вариативный аргумент "3" имеет тип "char *"
c:\users\user\desktop\pro-119\лаба 3\strcpy\strcpy\source.cpp(62): warning C4129: *: неизвестная escape-последовательность
c:\users\user\desktop\pro-119\лаба 3\strcpy\strcpy\source.cpp(62): warning C4129: ): неизвестная escape-последовательность
c:\users\user\desktop\pro-119\лаба 3\strcpy\strcpy\source.cpp(62): warning C4477: "printf": в строке форматирования "%i" требуется аргумент типа "int", но вариативный аргумент "3" имеет тип "char *"
c:\users\user\desktop\pro-119\лаба 3\strcpy\strcpy\source.cpp(64): warning C4129: *: неизвестная escape-последовательность
c:\users\user\desktop\pro-119\лаба 3\strcpy\strcpy\source.cpp(64): warning C4129: ): неизвестная escape-последовательность
c:\users\user\desktop\pro-119\лаба 3\strcpy\strcpy\source.cpp(64): warning C4477: "printf": в строке форматирования "%i" требуется аргумент типа "int", но вариативный аргумент "3" имеет тип "char *"
c:\users\user\desktop\pro-119\лаба 3\strcpy\strcpy\source.cpp(65): warning C4129: *: неизвестная escape-последовательность
c:\users\user\desktop\pro-119\лаба 3\strcpy\strcpy\source.cpp(65): warning C4129: ): неизвестная escape-последовательность
c:\users\user\desktop\pro-119\лаба 3\strcpy\strcpy\source.cpp(65): warning C4477: "printf": в строке форматирования "%i" требуется аргумент типа "int", но вариативный аргумент "3" имеет тип "char *"
c:\users\user\desktop\pro-119\лаба 3\strcpy\strcpy\source.cpp(66): warning C4129: *: неизвестная escape-последовательность
c:\users\user\desktop\pro-119\лаба 3\strcpy\strcpy\source.cpp(66): warning C4129: ): неизвестная escape-последовательность
c:\users\user\desktop\pro-119\лаба 3\strcpy\strcpy\source.cpp(66): warning C4477: "printf": в строке форматирования "%i" требуется аргумент типа "int", но вариативный аргумент "3" имеет тип "char *"
c:\users\user\desktop\pro-119\лаба 3\strcpy\strcpy\source.cpp(67): warning C4129: *: неизвестная escape-последовательность
c:\users\user\desktop\pro-119\лаба 3\strcpy\strcpy\source.cpp(67): warning C4129: ): неизвестная escape-последовательность
c:\users\user\desktop\pro-119\лаба 3\strcpy\strcpy\source.cpp(67): warning C4477: "printf": в строке форматирования "%i" требуется аргумент типа "int", но вариативный аргумент "3" имеет тип "char *"
c:\users\user\desktop\pro-119\лаба 3\strcpy\strcpy\source.cpp(68): warning C4129: *: неизвестная escape-последовательность
c:\users\user\desktop\pro-119\лаба 3\strcpy\strcpy\source.cpp(68): warning C4129: ): неизвестная escape-последовательность
c:\users\user\desktop\pro-119\лаба 3\strcpy\strcpy\source.cpp(68): warning C4477: "printf": в строке форматирования "%i" требуется аргумент типа "int", но вариативный аргумент "3" имеет тип "char *"
c:\users\user\desktop\pro-119\лаба 3\strcpy\strcpy\source.cpp(69): warning C4129: *: неизвестная escape-последовательность
c:\users\user\desktop\pro-119\лаба 3\strcpy\strcpy\source.cpp(69): warning C4129: ): неизвестная escape-последовательность
c:\users\user\desktop\pro-119\лаба 3\strcpy\strcpy\source.cpp(69): warning C4477: "printf": в строке форматирования "%i" требуется аргумент типа "int", но вариативный аргумент "3" имеет тип "char *"
c:\users\user\desktop\pro-119\лаба 3\strcpy\strcpy\source.cpp(70): warning C4129: *: неизвестная escape-последовательность
c:\users\user\desktop\pro-119\лаба 3\strcpy\strcpy\source.cpp(70): warning C4129: ): неизвестная escape-последовательность
c:\users\user\desktop\pro-119\лаба 3\strcpy\strcpy\source.cpp(70): warning C4477: "printf": в строке форматирования "%i" требуется аргумент типа "int", но вариативный аргумент "3" имеет тип "char *"
c:\users\user\desktop\pro-119\лаба 3\strcpy\strcpy\source.cpp(71): warning C4129: *: неизвестная escape-последовательность
c:\users\user\desktop\pro-119\лаба 3\strcpy\strcpy\source.cpp(71): warning C4129: ): неизвестная escape-последовательность
c:\users\user\desktop\pro-119\лаба 3\strcpy\strcpy\source.cpp(71): warning C4477: "printf": в строке форматирования "%i" требуется аргумент типа "int", но вариативный аргумент "3" имеет тип "char *"
c:\users\user\desktop\pro-119\лаба 3\strcpy\strcpy\source.cpp(73): warning C4129: *: неизвестная escape-последовательность
c:\users\user\desktop\pro-119\лаба 3\strcpy\strcpy\source.cpp(73): warning C4129: ): неизвестная escape-последовательность
c:\users\user\desktop\pro-119\лаба 3\strcpy\strcpy\source.cpp(73): warning C4477: "printf": в строке форматирования "%i" требуется аргумент типа "int", но вариативный аргумент "3" имеет тип "char *"
c:\users\user\desktop\pro-119\лаба 3\strcpy\strcpy\source.cpp(74): warning C4129: *: неизвестная escape-последовательность
c:\users\user\desktop\pro-119\лаба 3\strcpy\strcpy\source.cpp(74): warning C4129: ): неизвестная escape-последовательность
c:\users\user\desktop\pro-119\лаба 3\strcpy\strcpy\source.cpp(74): warning C4477: "printf": в строке форматирования "%i" требуется аргумент типа "int", но вариативный аргумент "3" имеет тип "char *"
c:\users\user\desktop\pro-119\лаба 3\strcpy\strcpy\source.cpp(75): warning C4129: *: неизвестная escape-последовательность
c:\users\user\desktop\pro-119\лаба 3\strcpy\strcpy\source.cpp(75): warning C4129: ): неизвестная escape-последовательность
c:\users\user\desktop\pro-119\лаба 3\strcpy\strcpy\source.cpp(75): warning C4477: "printf": в строке форматирования "%i" требуется аргумент типа "int", но вариативный аргумент "3" имеет тип "char *"
c:\users\user\desktop\pro-119\лаба 3\strcpy\strcpy\source.cpp(76): warning C4129: *: неизвестная escape-последовательность
c:\users\user\desktop\pro-119\лаба 3\strcpy\strcpy\source.cpp(76): warning C4129: ): неизвестная escape-последовательность
c:\users\user\desktop\pro-119\лаба 3\strcpy\strcpy\source.cpp(76): warning C4477: "printf": в строке форматирования "%i" требуется аргумент типа "int", но вариативный аргумент "3" имеет тип "char *"
c:\users\user\desktop\pro-119\лаба 3\strcpy\strcpy\source.cpp(77): warning C4129: *: неизвестная escape-последовательность
c:\users\user\desktop\pro-119\лаба 3\strcpy\strcpy\source.cpp(77): warning C4129: ): неизвестная escape-последовательность
c:\users\user\desktop\pro-119\лаба 3\strcpy\strcpy\source.cpp(77): warning C4477: "printf": в строке форматирования "%i" требуется аргумент типа "int", но вариативный аргумент "3" имеет тип "char *"
c:\users\user\desktop\pro-119\лаба 3\strcpy\strcpy\source.cpp(78): warning C4129: *: неизвестная escape-последовательность
c:\users\user\desktop\pro-119\лаба 3\strcpy\strcpy\source.cpp(78): warning C4129: ): неизвестная escape-последовательность
c:\users\user\desktop\pro-119\лаба 3\strcpy\strcpy\source.cpp(78): warning C4477: "printf": в строке форматирования "%i" требуется аргумент типа "int", но вариативный аргумент "3" имеет тип "char *"
c:\users\user\desktop\pro-119\лаба 3\strcpy\strcpy\source.cpp(79): warning C4129: *: неизвестная escape-последовательность
c:\users\user\desktop\pro-119\лаба 3\strcpy\strcpy\source.cpp(79): warning C4129: ): неизвестная escape-последовательность
c:\users\user\desktop\pro-119\лаба 3\strcpy\strcpy\source.cpp(79): warning C4477: "printf": в строке форматирования "%i" требуется аргумент типа "int", но вариативный аргумент "3" имеет тип "char *"
c:\users\user\desktop\pro-119\лаба 3\strcpy\strcpy\source.cpp(80): warning C4129: *: неизвестная escape-последовательность
c:\users\user\desktop\pro-119\лаба 3\strcpy\strcpy\source.cpp(80): warning C4129: ): неизвестная escape-последовательность
c:\users\user\desktop\pro-119\лаба 3\strcpy\strcpy\source.cpp(80): warning C4477: "printf": в строке форматирования "%i" требуется аргумент типа "int", но вариативный аргумент "3" имеет тип "char *"
c:\users\user\desktop\pro-119\лаба 3\strcpy\strcpy\source.cpp(82): warning C4129: *: неизвестная escape-последовательность
c:\users\user\desktop\pro-119\лаба 3\strcpy\strcpy\source.cpp(82): warning C4129: ): неизвестная escape-последовательность
c:\users\user\desktop\pro-119\лаба 3\strcpy\strcpy\source.cpp(82): warning C4477: "printf": в строке форматирования "%i" требуется аргумент типа "int", но вариативный аргумент "3" имеет тип "char *"
c:\users\user\desktop\pro-119\лаба 3\strcpy\strcpy\source.cpp(83): warning C4129: *: неизвестная escape-последовательность
c:\users\user\desktop\pro-119\лаба 3\strcpy\strcpy\source.cpp(83): warning C4129: ): неизвестная escape-последовательность
c:\users\user\desktop\pro-119\лаба 3\strcpy\strcpy\source.cpp(83): warning C4477: "printf": в строке форматирования "%i" требуется аргумент типа "int", но вариативный аргумент "3" имеет тип "char *"
c:\users\user\desktop\pro-119\лаба 3\strcpy\strcpy\source.cpp(84): warning C4129: *: неизвестная escape-последовательность
c:\users\user\desktop\pro-119\лаба 3\strcpy\strcpy\source.cpp(84): warning C4129: ): неизвестная escape-последовательность
c:\users\user\desktop\pro-119\лаба 3\strcpy\strcpy\source.cpp(84): warning C4477: "printf": в строке форматирования "%i" требуется аргумент типа "int", но вариативный аргумент "3" имеет тип "char *"
c:\users\user\desktop\pro-119\лаба 3\strcpy\strcpy\source.cpp(85): warning C4129: *: неизвестная escape-последовательность
c:\users\user\desktop\pro-119\лаба 3\strcpy\strcpy\source.cpp(85): warning C4129: ): неизвестная escape-последовательность
c:\users\user\desktop\pro-119\лаба 3\strcpy\strcpy\source.cpp(85): warning C4477: "printf": в строке форматирования "%i" требуется аргумент типа "int", но вариативный аргумент "3" имеет тип "char *"
c:\users\user\desktop\pro-119\лаба 3\strcpy\strcpy\source.cpp(86): warning C4129: *: неизвестная escape-последовательность
c:\users\user\desktop\pro-119\лаба 3\strcpy\strcpy\source.cpp(86): warning C4129: ): неизвестная escape-последовательность
c:\users\user\desktop\pro-119\лаба 3\strcpy\strcpy\source.cpp(86): warning C4477: "printf": в строке форматирования "%i" требуется аргумент типа "int", но вариативный аргумент "3" имеет тип "char *"
c:\users\user\desktop\pro-119\лаба 3\strcpy\strcpy\source.cpp(87): warning C4129: *: неизвестная escape-последовательность
c:\users\user\desktop\pro-119\лаба 3\strcpy\strcpy\source.cpp(87): warning C4129: ): неизвестная escape-последовательность
c:\users\user\desktop\pro-119\лаба 3\strcpy\strcpy\source.cpp(87): warning C4477: "printf": в строке форматирования "%i" требуется аргумент типа "int", но вариативный аргумент "3" имеет тип "char *"
c:\users\user\desktop\pro-119\лаба 3\strcpy\strcpy\source.cpp(88): warning C4129: *: неизвестная escape-последовательность
c:\users\user\desktop\pro-119\лаба 3\strcpy\strcpy\source.cpp(88): warning C4129: ): неизвестная escape-последовательность
c:\users\user\desktop\pro-119\лаба 3\strcpy\strcpy\source.cpp(88): warning C4477: "printf": в строке форматирования "%i" требуется аргумент типа "int", но вариативный аргумент "3" имеет тип "char *"
c:\users\user\desktop\pro-119\лаба 3\strcpy\strcpy\source.cpp(89): warning C4129: *: неизвестная escape-последовательность
c:\users\user\desktop\pro-119\лаба 3\strcpy\strcpy\source.cpp(89): warning C4129: ): неизвестная escape-последовательность
c:\users\user\desktop\pro-119\лаба 3\strcpy\strcpy\source.cpp(89): warning C4477: "printf": в строке форматирования "%i" требуется аргумент типа "int", но вариативный аргумент "3" имеет тип "char *"
c:\users\user\desktop\pro-119\лаба 3\strcpy\strcpy\source.cpp(41): warning C4172: возвращение адреса локальной или временной переменной : er
c:\users\user\desktop\pro-119\лаба 3\strcpy\strcpy\source.cpp(33): warning C4172: возвращение адреса локальной или временной переменной : er
c:\users\user\desktop\pro-119\лаба 3\strcpy\strcpy\source.cpp(10): warning C4172: возвращение адреса локальной или временной переменной : er
c:\users\user\desktop\pro-119\лаба 3\strcpy\strcpy\source.cpp(21): warning C4172: возвращение адреса локальной или временной переменной : er
  strcpy.vcxproj -> C:\Users\user\Desktop\pro-119\лаба 3\strcpy\Debug\strcpy.exe
